[
  {
    "id": "I_kwDOMT5cIs6khNOF",
    "number": 1480,
    "title": "Install fails",
    "body": "**Describe the bug**\r\n\r\n<!-- A clear and concise description of what the bug is. -->\r\n\r\nThe install command fails with the following error\r\n\r\n```\r\n│ clang++: error: no such file or directory: 'Services/Agent/eliza/node_modules/@discordjs/opus/node_modules/node-addon-api'\r\n│ make: *** [Release/obj.target/opus/src/node-opus.o] Error 1\r\n│ gyp ERR! build error \r\n│ gyp ERR! stack Error: `make` failed with exit code: 2\r\n│ gyp ERR! stack at ChildProcess.<anonymous> (/Users/skp/Dev/TechOps Services/Agent/eliza/node_modules/node-gyp/lib/build.js:216:23)\r\n│ gyp ERR! System Darwin 24.1.0\r\n│ gyp ERR! command \"/Users/skp/.nvm/versions/node/v20.18.1/bin/node\" \"/Users/skp/Dev/TechOps Services/Agent/eliza/node_modules/node-gyp/bin/node-gyp.js\" \"…\r\n│ gyp ERR! cwd /Users/skp/Dev/TechOps Services/Agent/eliza/node_modules/@discordjs/opus\r\n│ gyp ERR! node -v v20.18.1\r\n│ gyp ERR! node-gyp -v v10.3.1\r\n│ gyp ERR! not ok \r\n│ node-pre-gyp ERR! build error \r\n│ node-pre-gyp ERR! stack Error: Failed to execute '/Users/skp/.nvm/versions/node/v20.18.1/bin/node /Users/skp/Dev/TechOps Services/Agent/eliza/node_modul…\r\n│ node-pre-gyp ERR! stack     at ChildProcess.<anonymous> (/Users/skp/Dev/TechOps Services/Agent/eliza/node_modules/@discordjs/node-pre-gyp/lib/util/compi…\r\n│ node-pre-gyp ERR! stack     at ChildProcess.emit (node:events:518:28)\r\n│ node-pre-gyp ERR! stack     at maybeClose (node:internal/child_process:1104:16)\r\n│ node-pre-gyp ERR! stack     at ChildProcess._handle.onexit (node:internal/child_process:304:5)\r\n│ node-pre-gyp ERR! System Darwin 24.1.0\r\n│ node-pre-gyp ERR! command \"/Users/skp/.nvm/versions/node/v20.18.1/bin/node\" \"/Users/skp/Dev/TechOps Services/Agent/eliza/node_modules/@discordjs/opus/no…\r\n│ node-pre-gyp ERR! cwd /Users/skp/Dev/TechOps Services/Agent/eliza/node_modules/@discordjs/opus\r\n│ node-pre-gyp ERR! node -v v20.18.1\r\n│ node-pre-gyp ERR! node-pre-gyp -v v0.4.5\r\n│ node-pre-gyp ERR! not ok \r\n```\r\n\r\n\r\n**To Reproduce**\r\n\r\n<!-- Steps to reproduce the behavior. -->\r\n\r\nCloned the repo\r\n\r\nFollow the instructions by running `pnpm i && pnpm build && pnpm start`\r\n\r\nTried checking out the stable release and from main - `git checkout $(git describe --tags --abbrev=0)`\r\n\r\nTried with node v20 and v23\r\n\r\nTried install node-gyp and discord/opus packages manually\r\n\r\n**Expected behavior**\r\n\r\n<!-- A clear and concise description of what you expected to happen. -->\r\n\r\nThe install succeeds and proceeds to build step\r\n\r\n**Screenshots**\r\n\r\n<!-- If applicable, add screenshots to help explain your problem. -->\r\n\r\n**Additional context**\r\n\r\n<!-- Add any other context about the problem here. -->\r\n",
    "state": "OPEN",
    "createdAt": "2024-12-26T21:47:54Z",
    "updatedAt": "2024-12-26T22:35:07Z",
    "author": {
      "login": "eskp",
      "avatarUrl": "https://avatars.githubusercontent.com/u/500792?u=ac7dbb741854b4ffe6f2226aba5beef0fbb032fe&v=4"
    },
    "labels": [
      {
        "id": "LA_kwDOMT5cIs8AAAABrA0qWA",
        "name": "bug",
        "color": "d73a4a",
        "description": "Something isn't working"
      }
    ],
    "comments": [
      {
        "id": "IC_kwDOMT5cIs6Yxm_C",
        "author": "doxometrist",
        "body": "```\r\npnpm i \r\nScope: all 50 workspace projects\r\nLockfile is up to date, resolution step is skipped\r\nPackages: +4692\r\n+++++++++++++++++++++++++++++++++++++++++++++++++++++++++++++++++++++++++++++++++++++++++++++++++++++++++++\r\n ERR_PNPM_READ_FROM_STORE  Unexpected end of JSON input\r\nProgress: resolved 0, reused 1485, downloaded 0, added 0\r\n\r\n```\r\n\r\n\r\nhaving the same issue at a varying number of package - 1472, 1485, etc. both on main and develop\r\nnode v23.3.0\r\n\r\nsuspected upstream break issue"
      },
      {
        "id": "IC_kwDOMT5cIs6YxnTW",
        "author": "doxometrist",
        "body": "trying installing having deleted the `pnpm-lock.yaml`\r\n"
      }
    ]
  },
  {
    "id": "I_kwDOMT5cIs6kgEz9",
    "number": 1471,
    "title": "eliza-starter, pnpm build, No input files, try \"tsup <your-file>\" instead",
    "body": "`pnpm i && pnpm build && pnpm start`\r\n\r\nfails on build command with output:\r\n\r\n```\r\nDone in 5.8s\r\n\r\n> @ai16z/agent@0.1.1 build eliza-starter\r\n> tsup --format esm --dts\r\n\r\nNo input files, try \"tsup <your-file>\" instead\r\n ELIFECYCLE  Command failed with exit code 1.\r\n```\r\n\r\nHow to fix this?\r\n",
    "state": "OPEN",
    "createdAt": "2024-12-26T15:08:10Z",
    "updatedAt": "2024-12-26T15:08:10Z",
    "author": {
      "login": "adapt7",
      "avatarUrl": "https://avatars.githubusercontent.com/u/88395064?v=4"
    },
    "labels": [
      {
        "id": "LA_kwDOMT5cIs8AAAABrA0qWA",
        "name": "bug",
        "color": "d73a4a",
        "description": "Something isn't working"
      }
    ],
    "comments": []
  },
  {
    "id": "I_kwDOMT5cIs6ke8g0",
    "number": 1462,
    "title": "Issues with Aptos Integration - unable to build/run",
    "body": "**Describe the bug**\r\n\r\n`SyntaxError: The requested module '@aptos-labs/ts-sdk' does not provide an export named 'PrivateKey'`\r\nTried on a host of 0.1.6 alphas and 0.1.7-alpha\r\n\r\n**To Reproduce**\r\n\r\nRun pnpm build/start\r\n\r\n**Expected behavior**\r\n\r\nShould run or skip this part if no `.env` variable is found.\r\n\r\n**Screenshots**\r\n\r\n<img width=\"1155\" alt=\"Screenshot 2024-12-26 at 3 38 48 PM\" src=\"https://github.com/user-attachments/assets/d36146d0-4224-4b63-885e-b8826b16cec0\" />\r\n",
    "state": "OPEN",
    "createdAt": "2024-12-26T10:10:58Z",
    "updatedAt": "2024-12-26T10:16:03Z",
    "author": {
      "login": "UiCandy",
      "avatarUrl": "https://avatars.githubusercontent.com/u/5708402?u=47bf44d655fd8ea5f77b7c707c18242bd9cd70ea&v=4"
    },
    "labels": [
      {
        "id": "LA_kwDOMT5cIs8AAAABrA0qWA",
        "name": "bug",
        "color": "d73a4a",
        "description": "Something isn't working"
      }
    ],
    "comments": []
  },
  {
    "id": "I_kwDOMT5cIs6kefBP",
    "number": 1460,
    "title": "Broken Docker image on fresh build",
    "body": "**Describe the bug**\r\n\r\nBuilt Docker image (`pnpm docker:run`) fails to start - exits with the following error:\r\n```\r\n2024-12-26 07:24:12 /app/agent:\r\n2024-12-26 07:24:12  ERR_PNPM_RECURSIVE_RUN_FIRST_FAIL  @elizaos/agent@0.1.7-alpha.1 start: `node --loader ts-node/esm src/index.ts \"--isRoot\"`\r\n2024-12-26 07:24:12 Exit status 1\r\n2024-12-26 07:24:12  WARN   Local package.json exists, but node_modules missing, did you mean to install?\r\n2024-12-26 07:24:12 (node:31) ExperimentalWarning: `--experimental-loader` may be removed in the future; instead use `register()`:\r\n2024-12-26 07:24:12 --import 'data:text/javascript,import { register } from \"node:module\"; import { pathToFileURL } from \"node:url\"; register(\"ts-node/esm\", pathToFileURL(\"./\"));'\r\n2024-12-26 07:24:12 (Use `node --trace-warnings ...` to show where the warning was created)\r\n2024-12-26 07:24:12 (node:31) [DEP0180] DeprecationWarning: fs.Stats constructor is deprecated.\r\n2024-12-26 07:24:12 (Use `node --trace-deprecation ...` to show where the warning was created)\r\n2024-12-26 07:24:12 \r\n2024-12-26 07:24:12 node:internal/modules/run_main:122\r\n2024-12-26 07:24:12     triggerUncaughtException(\r\n2024-12-26 07:24:12     ^\r\n2024-12-26 07:24:12 Error: Cannot find package '@elizaos/adapter-postgres' imported from /app/agent/src/index.ts\r\n2024-12-26 07:24:12     at packageResolve (/app/node_modules/ts-node/dist-raw/node-internal-modules-esm-resolve.js:757:9)\r\n2024-12-26 07:24:12     at moduleResolve (/app/node_modules/ts-node/dist-raw/node-internal-modules-esm-resolve.js:798:18)\r\n2024-12-26 07:24:12     at Object.defaultResolve (/app/node_modules/ts-node/dist-raw/node-internal-modules-esm-resolve.js:912:11)\r\n2024-12-26 07:24:12     at /app/node_modules/ts-node/src/esm.ts:218:35\r\n2024-12-26 07:24:12     at entrypointFallback (/app/node_modules/ts-node/src/esm.ts:168:34)\r\n2024-12-26 07:24:12     at /app/node_modules/ts-node/src/esm.ts:217:14\r\n2024-12-26 07:24:12     at addShortCircuitFlag (/app/node_modules/ts-node/src/esm.ts:409:21)\r\n2024-12-26 07:24:12     at resolve (/app/node_modules/ts-node/src/esm.ts:197:12)\r\n2024-12-26 07:24:12     at nextResolve (node:internal/modules/esm/hooks:748:28)\r\n2024-12-26 07:24:12     at Hooks.resolve (node:internal/modules/esm/hooks:240:30)\r\n2024-12-26 07:24:12 \r\n2024-12-26 07:24:12 Node.js v23.3.0\r\n2024-12-26 07:24:12  ELIFECYCLE  Command failed with exit code 1.\r\n```\r\n\r\nYou can fix this issue by running `pnpm install --no-frozen-lockfile` before executing `pnpm docker:build` but the installed dependencies should not affect the image build process.\r\n\r\n**To Reproduce**\r\nPrerequisites:\r\n- Ubuntu/Debian\r\n- Docker installed\r\n- PNPM installed\r\n- Repo cloned\r\n- `main` branch checked out\r\n\r\n1. `pnpm clean`\r\n2. `pnpm docker:build`\r\n3. `pnpm docker:run`\r\n4. `docker logs eliza`\r\n\r\n**Expected behavior**\r\n\r\nThe container should not exit with a dependency error and should start as normal regardless of whether `pnpm install` was executed before `pnpm docker:build`.\r\n\r\n**Screenshots**\r\n\r\n<!-- If applicable, add screenshots to help explain your problem. -->\r\n\r\n**Additional context**\r\n\r\nPossibly related to: https://github.com/elizaOS/eliza/pull/1120 and https://github.com/elizaOS/eliza/pull/1352\r\n",
    "state": "OPEN",
    "createdAt": "2024-12-26T08:20:50Z",
    "updatedAt": "2024-12-26T22:17:02Z",
    "author": {
      "login": "timolegros",
      "avatarUrl": "https://avatars.githubusercontent.com/u/62490329?v=4"
    },
    "labels": [
      {
        "id": "LA_kwDOMT5cIs8AAAABrA0qWA",
        "name": "bug",
        "color": "d73a4a",
        "description": "Something isn't working"
      }
    ],
    "comments": [
      {
        "id": "IC_kwDOMT5cIs6YxlKq",
        "author": "HashWarlock",
        "body": "I assume this is an amd64 cpu? I will try to reproduce and see what is wrong here."
      }
    ]
  },
  {
    "id": "I_kwDOMT5cIs6kd7LN",
    "number": 1459,
    "title": "[PROPOSAL] Setup lint/prettier and husky",
    "body": "**The Problem in eliza repository**\r\n\r\nI think we need to update lint setup. It has been depreciated. Our code style is falling apart in every single commit.\r\n<!-- A clear and concise description of what the bug is. -->\r\n\r\n**To Reproduce**\r\n\r\n``` bash\r\npnpm lint --fix\r\n```\r\n\r\nor fork repository and commit anything.\r\n\r\n**Screenshots**\r\n\r\n![Screenshot 2024-12-26 at 14 35 23](https://github.com/user-attachments/assets/ad1788cd-c9dc-4d56-aa93-c05ab8135727)\r\n\r\n**Additional context**\r\n\r\nI need to get confirmed by developer community and maintainer to start work on this.\r\nAlso, need developers' insight and opinions for lint/prettier rules.\r\nPlease react to support me!\r\n\r\nAfter this proposal get confirmed, I will start to work on this.\r\n\r\n1. setup husky and commit interceptor to check lint and fix style with prettier when commit in local env\r\n2. update ci github action to lint can work properly\r\n3. update community rule(PR and merge rule) to enforce lint/prettier observance\r\n",
    "state": "OPEN",
    "createdAt": "2024-12-26T05:44:35Z",
    "updatedAt": "2024-12-26T05:44:35Z",
    "author": {
      "login": "nulLeeKH",
      "avatarUrl": "https://avatars.githubusercontent.com/u/41930106?u=2f38e92f8ce46ad7dbb9e1c07c3e4ed3253c2d5b&v=4"
    },
    "labels": [
      {
        "id": "LA_kwDOMT5cIs8AAAABrA0qWA",
        "name": "bug",
        "color": "d73a4a",
        "description": "Something isn't working"
      }
    ],
    "comments": []
  },
  {
    "id": "I_kwDOMT5cIs6kdQiO",
    "number": 1452,
    "title": "bug: pnpm run dev not working with characterfiles",
    "body": "**Describe the bug**\r\nI would like to use dev mode, and turbo to watch for file changes, for faster development.  I have been trying to get pnpm run dev to run with a character file, to no avail.  It runs fine with default agent (no arguments), but does not appear to accept the command line arguments of --characters.\r\n<!-- A clear and concise description of what the bug is. -->\r\n\r\n**To Reproduce**\r\n\r\ntrying pnpm run dev --character characters/eliza-code-assistant.character.json yields the following output and error.\r\n\r\n```bash\r\n% pnpm run dev --characters characters/eliza-code-assistant.character.json\r\n...\r\n...\r\n@elizaos/plugin-solana:build: DTS Build start\r\n@elizaos/plugin-solana:build: DTS ⚡️ Build success in 3729ms\r\n@elizaos/plugin-solana:build: DTS dist/index.d.ts 15.88 KB\r\n\r\n Tasks:    45 successful, 45 total\r\nCached:    45 cached, 45 total\r\n  Time:    340ms >>> FULL TURBO\r\n\r\n(node:65388) ExperimentalWarning: CommonJS module /Users/allenharper/.nvm/versions/node/v23.3.0/lib/node_modules/npm/node_modules/debug/src/node.js is loading ES Module /Users/allenharper/.nvm/versions/node/v23.3.0/lib/node_modules/npm/node_modules/supports-color/index.js using require().\r\nSupport for loading ES Module in require() is an experimental feature and might change at any time\r\n(Use `node --trace-warnings ...` to show where the warning was created)\r\n[nodemon] 3.1.7\r\n[nodemon] to restart at any time, enter `rs`\r\n[nodemon] watching path(s): packages/client-direct/dist/**/*\r\n[nodemon] watching extensions: js,mjs,cjs,json\r\n[nodemon] starting `pnpm --filter \"@elizaos/agent\" start --isRoot`\r\n\r\n> @elizaos/core@0.1.7-alpha.1 dev /Users/allenharper/Dropbox/code/eliza/packages/core\r\n> tsup --format esm --dts --watch \"--characters\" \"characters/eliza-code-assistant.character.json\"\r\n\r\n\r\n> @elizaos/client-direct@0.1.7-alpha.1 dev /Users/allenharper/Dropbox/code/eliza/packages/client-direct\r\n> tsup --format esm --dts --watch \"--\" \"--characters\" \"characters/eliza-code-assistant.character.json\"\r\n\r\n\r\n> eliza-client@0.1.7-alpha.1 dev /Users/allenharper/Dropbox/code/eliza/client\r\n> vite \"--\" \"--characters\" \"characters/eliza-code-assistant.character.json\"\r\n\r\n\r\n> @elizaos/plugin-code-assistant@0.1.7-alpha.1 dev /Users/allenharper/Dropbox/code/eliza/packages/plugin-code-assistant\r\n> tsup --format esm --dts --watch \"--\" \"--characters\" \"characters/eliza-code-assistant.character.json\"\r\n\r\nCACError: Unknown option `--characters`\r\n    at Command.checkUnknownOptions (/Users/allenharper/Dropbox/code/eliza/node_modules/cac/dist/index.js:404:17)\r\n    at CAC.runMatchedCommand (/Users/allenharper/Dropbox/code/eliza/node_modules/cac/dist/index.js:602:13)\r\n    at main (/Users/allenharper/Dropbox/code/eliza/node_modules/tsup/dist/chunk-SNM7IVOJ.js:148:13)\r\n    at Object.<anonymous> (/Users/allenharper/Dropbox/code/eliza/node_modules/tsup/dist/cli-default.js:12:23)\r\n    at Module._compile (node:internal/modules/cjs/loader:1546:14)\r\n    at Object..js (node:internal/modules/cjs/loader:1698:10)\r\n    at Module.load (node:internal/modules/cjs/loader:1303:32)\r\n    at Function._load (node:internal/modules/cjs/loader:1117:12)\r\n    at TracingChannel.traceSync (node:diagnostics_channel:322:14)\r\n    at wrapModuleLoad (node:internal/modules/cjs/loader:218:24)\r\n ELIFECYCLE  Command failed with exit code 1.\r\n\r\n> @elizaos/agent@0.1.7-alpha.1 start /Users/allenharper/Dropbox/code/eliza/agent\r\n> node --loader ts-node/esm src/index.ts \"--isRoot\"\r\n\r\nCLI Building entry: src/index.ts\r\nCLI Using tsconfig: tsconfig.json\r\nCLI tsup v8.3.5\r\n...\r\n```\r\n\r\nthen, it proceeds to load defaultAgent...\r\n\r\n<!-- Steps to reproduce the behavior. -->\r\n\r\n**Expected behavior**\r\nI expect it to pick up the character file, launch agent, and enter turbo watch of those files... it runs correctly, if I use pnpm start --characters ...\r\n\r\nInstead, it won't launch with character file and defaults back to defaultAgent...when in dev mode.\r\n\r\n<!-- A clear and concise description of what you expected to happen. -->\r\n\r\n**Screenshots**\r\n\r\n<!-- If applicable, add screenshots to help explain your problem. -->\r\n\r\n**Additional context**\r\n\r\n<!-- Add any other context about the problem here. -->\r\n",
    "state": "OPEN",
    "createdAt": "2024-12-26T00:10:04Z",
    "updatedAt": "2024-12-26T00:10:04Z",
    "author": {
      "login": "harperaa",
      "avatarUrl": "https://avatars.githubusercontent.com/u/1330944?v=4"
    },
    "labels": [
      {
        "id": "LA_kwDOMT5cIs8AAAABrA0qWA",
        "name": "bug",
        "color": "d73a4a",
        "description": "Something isn't working"
      }
    ],
    "comments": []
  }
]
